#-----------------------------------------------------------
# Vivado v2018.2 (64-bit)
# SW Build 2258646 on Thu Jun 14 20:03:12 MDT 2018
# IP Build 2256618 on Thu Jun 14 22:10:49 MDT 2018
# Start of session at: Tue May  7 16:23:32 2024
# Process ID: 20776
# Current directory: C:/Users/Jonathon.Watson/Downloads/ECE_281/ece281-lab5
# Command line: vivado.exe -gui_launcher_event rodinguilauncherevent13088 C:\Users\Jonathon.Watson\Downloads\ECE_281\ece281-lab5\basic_cpu.xpr
# Log file: C:/Users/Jonathon.Watson/Downloads/ECE_281/ece281-lab5/vivado.log
# Journal file: C:/Users/Jonathon.Watson/Downloads/ECE_281/ece281-lab5\vivado.jou
#-----------------------------------------------------------
start_gui
open_project C:/Users/Jonathon.Watson/Downloads/ECE_281/ece281-lab5/basic_cpu.xpr
Scanning sources...
Finished scanning sources
INFO: [IP_Flow 19-234] Refreshing IP repositories
INFO: [IP_Flow 19-1704] No user IP repositories specified
INFO: [IP_Flow 19-2313] Loaded Vivado IP repository 'C:/Xilinx/Vivado/2018.2/data/ip'.
open_project: Time (s): cpu = 00:00:08 ; elapsed = 00:00:08 . Memory (MB): peak = 759.309 ; gain = 37.824
update_compile_order -fileset sources_1
exit
INFO: [Common 17-206] Exiting Vivado at Tue May  7 23:36:50 2024...
